Flow report for MSB_32
Mon Mar 31 23:29:29 2025
Quartus Prime Version 20.1.0 Build 711 06/05/2020 SJ Lite Edition


---------------------
; Table of Contents ;
---------------------
  1. Legal Notice
  2. Flow Summary
  3. Flow Settings
  4. Flow Non-Default Global Settings
  5. Flow Elapsed Time
  6. Flow OS Summary
  7. Flow Log
  8. Flow Messages
  9. Flow Suppressed Messages



----------------
; Legal Notice ;
----------------
Copyright (C) 2020  Intel Corporation. All rights reserved.
Your use of Intel Corporation's design tools, logic functions 
and other software and tools, and any partner logic 
functions, and any output files from any of the foregoing 
(including device programming or simulation files), and any 
associated documentation or information are expressly subject 
to the terms and conditions of the Intel Program License 
Subscription Agreement, the Intel Quartus Prime License Agreement,
the Intel FPGA IP License Agreement, or other applicable license
agreement, including, without limitation, that your use is for
the sole purpose of programming logic devices manufactured by
Intel and sold by Intel or its authorized distributors.  Please
refer to the applicable agreement for further details, at
https://fpgasoftware.intel.com/eula.



+-------------------------------------------------------------------------------+
; Flow Summary                                                                  ;
+---------------------------------+---------------------------------------------+
; Flow Status                     ; Successful - Mon Mar 31 23:29:28 2025       ;
; Quartus Prime Version           ; 20.1.0 Build 711 06/05/2020 SJ Lite Edition ;
; Revision Name                   ; MSB_32                                      ;
; Top-level Entity Name           ; MSB_32                                      ;
; Family                          ; Cyclone V                                   ;
; Device                          ; 5CGXFC7C7F23C8                              ;
; Timing Models                   ; Final                                       ;
; Logic utilization (in ALMs)     ; 24 / 56,480 ( < 1 % )                       ;
; Total registers                 ; 0                                           ;
; Total pins                      ; 64 / 268 ( 24 % )                           ;
; Total virtual pins              ; 0                                           ;
; Total block memory bits         ; 0 / 7,024,640 ( 0 % )                       ;
; Total DSP Blocks                ; 0 / 156 ( 0 % )                             ;
; Total HSSI RX PCSs              ; 0 / 6 ( 0 % )                               ;
; Total HSSI PMA RX Deserializers ; 0 / 6 ( 0 % )                               ;
; Total HSSI TX PCSs              ; 0 / 6 ( 0 % )                               ;
; Total HSSI PMA TX Serializers   ; 0 / 6 ( 0 % )                               ;
; Total PLLs                      ; 0 / 13 ( 0 % )                              ;
; Total DLLs                      ; 0 / 4 ( 0 % )                               ;
+---------------------------------+---------------------------------------------+


+-----------------------------------------+
; Flow Settings                           ;
+-------------------+---------------------+
; Option            ; Setting             ;
+-------------------+---------------------+
; Start date & time ; 03/31/2025 23:18:55 ;
; Main task         ; Compilation         ;
; Revision Name     ; MSB_32              ;
+-------------------+---------------------+


+------------------------------------------------------------------------------------------------------------------------------------------------+
; Flow Non-Default Global Settings                                                                                                               ;
+-------------------------------------+----------------------------------------+---------------+-------------+-----------------------------------+
; Assignment Name                     ; Value                                  ; Default Value ; Entity Name ; Section Id                        ;
+-------------------------------------+----------------------------------------+---------------+-------------+-----------------------------------+
; COMPILER_SIGNATURE_ID               ; 106650987803728.174347753443977        ; --            ; --          ; --                                ;
; EDA_GENERATE_FUNCTIONAL_NETLIST     ; Off                                    ; --            ; --          ; eda_board_design_timing           ;
; EDA_GENERATE_FUNCTIONAL_NETLIST     ; Off                                    ; --            ; --          ; eda_board_design_boundary_scan    ;
; EDA_GENERATE_FUNCTIONAL_NETLIST     ; Off                                    ; --            ; --          ; eda_board_design_signal_integrity ;
; EDA_GENERATE_FUNCTIONAL_NETLIST     ; Off                                    ; --            ; --          ; eda_board_design_symbol           ;
; EDA_OUTPUT_DATA_FORMAT              ; Verilog Hdl                            ; --            ; --          ; eda_simulation                    ;
; EDA_SIMULATION_TOOL                 ; ModelSim-Altera (Verilog)              ; <None>        ; --          ; --                                ;
; EDA_TIME_SCALE                      ; 1 ps                                   ; --            ; --          ; eda_simulation                    ;
; PARTITION_COLOR                     ; -- (Not supported for targeted family) ; --            ; --          ; Top                               ;
; PARTITION_FITTER_PRESERVATION_LEVEL ; -- (Not supported for targeted family) ; --            ; --          ; Top                               ;
; PARTITION_NETLIST_TYPE              ; -- (Not supported for targeted family) ; --            ; --          ; Top                               ;
; PROJECT_OUTPUT_DIRECTORY            ; output_files                           ; --            ; --          ; --                                ;
+-------------------------------------+----------------------------------------+---------------+-------------+-----------------------------------+


+--------------------------------------------------------------------------------------------------------------------------+
; Flow Elapsed Time                                                                                                        ;
+----------------------+--------------+-------------------------+---------------------+------------------------------------+
; Module Name          ; Elapsed Time ; Average Processors Used ; Peak Virtual Memory ; Total CPU Time (on all processors) ;
+----------------------+--------------+-------------------------+---------------------+------------------------------------+
; Analysis & Synthesis ; 00:00:04     ; 1.0                     ; 487 MB              ; 00:00:10                           ;
; Fitter               ; 00:00:14     ; 1.0                     ; 2778 MB             ; 00:00:38                           ;
; Assembler            ; 00:00:04     ; 1.0                     ; 503 MB              ; 00:00:04                           ;
; Timing Analyzer      ; 00:00:02     ; 1.1                     ; 981 MB              ; 00:00:03                           ;
; EDA Netlist Writer   ; 00:00:00     ; 1.0                     ; 689 MB              ; 00:00:00                           ;
; EDA Netlist Writer   ; 00:00:00     ; 1.0                     ; 686 MB              ; 00:00:00                           ;
; EDA Netlist Writer   ; 00:00:00     ; 1.0                     ; 690 MB              ; 00:00:00                           ;
; EDA Netlist Writer   ; 00:00:01     ; 1.0                     ; 683 MB              ; 00:00:00                           ;
; EDA Netlist Writer   ; 00:00:01     ; 1.0                     ; 690 MB              ; 00:00:00                           ;
; EDA Netlist Writer   ; 00:00:00     ; 1.0                     ; 683 MB              ; 00:00:00                           ;
; EDA Netlist Writer   ; 00:00:00     ; 1.0                     ; 690 MB              ; 00:00:00                           ;
; EDA Netlist Writer   ; 00:00:01     ; 1.0                     ; 683 MB              ; 00:00:00                           ;
; EDA Netlist Writer   ; 00:00:01     ; 1.0                     ; 704 MB              ; 00:00:00                           ;
; EDA Netlist Writer   ; 00:00:01     ; 1.0                     ; 683 MB              ; 00:00:00                           ;
; EDA Netlist Writer   ; 00:00:00     ; 1.0                     ; 683 MB              ; 00:00:00                           ;
; EDA Netlist Writer   ; 00:00:00     ; 1.0                     ; 690 MB              ; 00:00:00                           ;
; EDA Netlist Writer   ; 00:00:01     ; 1.0                     ; 683 MB              ; 00:00:00                           ;
; EDA Netlist Writer   ; 00:00:00     ; 1.0                     ; 690 MB              ; 00:00:00                           ;
; Total                ; 00:00:30     ; --                      ; --                  ; 00:00:55                           ;
+----------------------+--------------+-------------------------+---------------------+------------------------------------+


+----------------------------------------------------------------------------------------+
; Flow OS Summary                                                                        ;
+----------------------+------------------+----------------+------------+----------------+
; Module Name          ; Machine Hostname ; OS Name        ; OS Version ; Processor type ;
+----------------------+------------------+----------------+------------+----------------+
; Analysis & Synthesis ; gianubuntu       ; Ubuntu 24.04.2 ; 24         ; x86_64         ;
; Fitter               ; gianubuntu       ; Ubuntu 24.04.2 ; 24         ; x86_64         ;
; Assembler            ; gianubuntu       ; Ubuntu 24.04.2 ; 24         ; x86_64         ;
; Timing Analyzer      ; gianubuntu       ; Ubuntu 24.04.2 ; 24         ; x86_64         ;
; EDA Netlist Writer   ; gianubuntu       ; Ubuntu 24.04.2 ; 24         ; x86_64         ;
; EDA Netlist Writer   ; gianubuntu       ; Ubuntu 24.04.2 ; 24         ; x86_64         ;
; EDA Netlist Writer   ; gianubuntu       ; Ubuntu 24.04.2 ; 24         ; x86_64         ;
; EDA Netlist Writer   ; gianubuntu       ; Ubuntu 24.04.2 ; 24         ; x86_64         ;
; EDA Netlist Writer   ; gianubuntu       ; Ubuntu 24.04.2 ; 24         ; x86_64         ;
; EDA Netlist Writer   ; gianubuntu       ; Ubuntu 24.04.2 ; 24         ; x86_64         ;
; EDA Netlist Writer   ; gianubuntu       ; Ubuntu 24.04.2 ; 24         ; x86_64         ;
; EDA Netlist Writer   ; gianubuntu       ; Ubuntu 24.04.2 ; 24         ; x86_64         ;
; EDA Netlist Writer   ; gianubuntu       ; Ubuntu 24.04.2 ; 24         ; x86_64         ;
; EDA Netlist Writer   ; gianubuntu       ; Ubuntu 24.04.2 ; 24         ; x86_64         ;
; EDA Netlist Writer   ; gianubuntu       ; Ubuntu 24.04.2 ; 24         ; x86_64         ;
; EDA Netlist Writer   ; gianubuntu       ; Ubuntu 24.04.2 ; 24         ; x86_64         ;
; EDA Netlist Writer   ; gianubuntu       ; Ubuntu 24.04.2 ; 24         ; x86_64         ;
; EDA Netlist Writer   ; gianubuntu       ; Ubuntu 24.04.2 ; 24         ; x86_64         ;
+----------------------+------------------+----------------+------------+----------------+


------------
; Flow Log ;
------------
quartus_map --read_settings_files=on --write_settings_files=off MSB_32 -c MSB_32
quartus_fit --read_settings_files=off --write_settings_files=off MSB_32 -c MSB_32
quartus_asm --read_settings_files=off --write_settings_files=off MSB_32 -c MSB_32
quartus_sta MSB_32 -c MSB_32
quartus_eda --read_settings_files=off --write_settings_files=off MSB_32 -c MSB_32
quartus_eda --gen_testbench --tool=modelsim_oem --format=verilog --write_settings_files=off MSB_32 -c MSB_32 --vector_source=/home/gian/Documents/IP5/MSB_32/Waveform.vwf --testbench_file=/home/gian/Documents/IP5/MSB_32/simulation/qsim/Waveform.vwf.vt
quartus_eda --write_settings_files=off --simulation=on --functional=on --flatten_buses=off --tool=modelsim_oem --format=verilog --output_directory=/home/gian/Documents/IP5/MSB_32/simulation/qsim/ MSB_32 -c MSB_32
quartus_eda --gen_testbench --tool=modelsim_oem --format=verilog --write_settings_files=off MSB_32 -c MSB_32 --vector_source=/home/gian/Documents/IP5/MSB_32/Waveform.vwf --testbench_file=/home/gian/Documents/IP5/MSB_32/simulation/qsim/Waveform.vwf.vt
quartus_eda --write_settings_files=off --simulation=on --functional=on --flatten_buses=off --tool=modelsim_oem --format=verilog --output_directory=/home/gian/Documents/IP5/MSB_32/simulation/qsim/ MSB_32 -c MSB_32
quartus_eda --gen_testbench --tool=modelsim_oem --format=verilog --write_settings_files=off MSB_32 -c MSB_32 --vector_source=/home/gian/Documents/IP5/MSB_32/Waveform.vwf --testbench_file=/home/gian/Documents/IP5/MSB_32/simulation/qsim/Waveform.vwf.vt
quartus_eda --write_settings_files=off --simulation=on --functional=on --flatten_buses=off --tool=modelsim_oem --format=verilog --output_directory=/home/gian/Documents/IP5/MSB_32/simulation/qsim/ MSB_32 -c MSB_32
quartus_eda --gen_testbench --tool=modelsim_oem --format=verilog --write_settings_files=off MSB_32 -c MSB_32 --vector_source=/home/gian/Documents/IP5/MSB_32/Waveform.vwf --testbench_file=/home/gian/Documents/IP5/MSB_32/simulation/qsim/Waveform.vwf.vt
quartus_eda --write_settings_files=off --simulation=on --functional=off --flatten_buses=off --timescale=1ps --tool=modelsim_oem --format=verilog --output_directory=/home/gian/Documents/IP5/MSB_32/simulation/qsim/ MSB_32 -c MSB_32
quartus_eda --gen_testbench --tool=modelsim_oem --format=verilog --write_settings_files=off MSB_32 -c MSB_32 --vector_source=/home/gian/Documents/IP5/MSB_32/Waveform.vwf --testbench_file=/home/gian/Documents/IP5/MSB_32/simulation/modelsim/Waveform.vwf.vt
quartus_eda --gen_testbench --tool=modelsim_oem --format=verilog --write_settings_files=off MSB_32 -c MSB_32 --vector_source=/home/gian/Documents/IP5/MSB_32/Waveform.vwf --testbench_file=/home/gian/Documents/IP5/MSB_32/simulation/qsim/Waveform.vwf.vt
quartus_eda --write_settings_files=off --simulation=on --functional=on --flatten_buses=off --tool=modelsim_oem --format=verilog --output_directory=/home/gian/Documents/IP5/MSB_32/simulation/qsim/ MSB_32 -c MSB_32
quartus_eda --gen_testbench --tool=modelsim_oem --format=verilog --write_settings_files=off MSB_32 -c MSB_32 --vector_source=/home/gian/Documents/IP5/MSB_32/Waveform.vwf --testbench_file=/home/gian/Documents/IP5/MSB_32/simulation/qsim/Waveform.vwf.vt
quartus_eda --write_settings_files=off --simulation=on --functional=on --flatten_buses=off --tool=modelsim_oem --format=verilog --output_directory=/home/gian/Documents/IP5/MSB_32/simulation/qsim/ MSB_32 -c MSB_32



